<?xml version="1.0" encoding="UTF-8"?>
<!-- Generated by org.testng.reporters.JUnitReportReporter -->
<testsuite hostname="DESKTOP-TAKCJM8" failures="0" tests="1" name="com.testing.TestExecution" time="5.045" errors="0" timestamp="2021-07-29T19:59:20 EDT" skipped="0">
  <testcase classname="com.testing.TestExecution" name="login" time="5.045"/>
  <system-out/>
</testsuite> <!-- com.testing.TestExecution -->
