<?xml version="1.0" encoding="UTF-8"?>
<!-- Generated by org.testng.reporters.JUnitReportReporter -->
<testsuite hostname="DESKTOP-TAKCJM8" failures="0" tests="1" name="com.runner.Runner" time="9.139" errors="0" timestamp="2021-07-29T20:17:10 EDT" skipped="0">
  <testcase classname="com.runner.Runner" name="runScenario" time="9.139"/>
  <system-out/>
</testsuite> <!-- com.runner.Runner -->
