<?xml version="1.0" encoding="UTF-8"?>
<!-- Generated by org.testng.reporters.JUnitReportReporter -->
<testsuite hostname="DESKTOP-TAKCJM8" failures="0" tests="1" name="com.testing.TestExecution" time="8.281" errors="0" timestamp="2021-07-14T21:25:58 EDT" skipped="0">
  <testcase classname="com.testing.TestExecution" name="login" time="8.281"/>
  <system-out/>
</testsuite> <!-- com.testing.TestExecution -->
