<?xml version="1.0" encoding="UTF-8"?>
<!-- Generated by org.testng.reporters.JUnitReportReporter -->
<testsuite hostname="LAPTOP-UBS9P1CF" failures="0" tests="1" name="com.runner.Runner" time="11.872" errors="0" timestamp="2021-09-08T23:39:33 EDT" skipped="0">
  <testcase classname="com.runner.Runner" name="runScenario" time="11.872"/>
  <system-out/>
</testsuite> <!-- com.runner.Runner -->
