<?xml version="1.0" encoding="UTF-8"?>
<!-- Generated by org.testng.reporters.JUnitReportReporter -->
<testsuite skipped="0" hostname="DESKTOP-TAKCJM8" name="com.runner.Runner" tests="1" failures="0" timestamp="2021-08-01T14:03:26 EDT" time="11.412" errors="0">
  <testcase name="runScenario" time="11.412" classname="com.runner.Runner"/>
  <system-out/>
</testsuite> <!-- com.runner.Runner -->
